<?xml version="1.0" encoding="UTF-8"?>
<!-- Generated by org.testng.reporters.JUnitXMLReporter -->
<testsuite hostname="DESKTOP-BE2CGJN" ignored="0" name="Command line test" tests="6" failures="0" timestamp="28 Jul 2021 14:30:04 GMT" time="0.074" errors="0">
  <testcase name="test5" time="0.017" classname="QATesting.MavenProject.AppiumTest"/>
  <testcase name="test6" time="0.006" classname="QATesting.MavenProject.AppiumTest"/>
  <testcase name="test1" time="0.001" classname="QATesting.MavenProject.RestAPITest"/>
  <testcase name="test2" time="0.001" classname="QATesting.MavenProject.RestAPITest"/>
  <testcase name="test3" time="0.0" classname="QATesting.MavenProject.SeleniumTest"/>
  <testcase name="test4" time="0.003" classname="QATesting.MavenProject.SeleniumTest"/>
</testsuite> <!-- Command line test -->
