<?xml version="1.0" encoding="UTF-8"?>
<testng-results ignored="0" total="1" passed="1" failed="0" skipped="0">
  <reporter-output>
  </reporter-output>
  <suite started-at="2021-07-27T18:05:53 IST" name="Default suite" finished-at="2021-07-27T18:05:53 IST" duration-ms="93">
    <groups>
    </groups>
    <test started-at="2021-07-27T18:05:53 IST" name="Default test" finished-at="2021-07-27T18:05:53 IST" duration-ms="93">
      <class name="QATesting.MavenProject.RestAPI">
        <test-method signature="test1()[pri:0, instance:QATesting.MavenProject.RestAPI@24fcf36f]" started-at="2021-07-27T18:05:53 IST" name="test1" finished-at="2021-07-27T18:05:53 IST" duration-ms="15" status="PASS">
          <reporter-output>
          </reporter-output>
        </test-method> <!-- test1 -->
      </class> <!-- QATesting.MavenProject.RestAPI -->
    </test> <!-- Default test -->
  </suite> <!-- Default suite -->
</testng-results>
